---------------------------------------------------------------
[ 2017-09-13T09:47:01+08:00 ] ::1 ::1 GET /register
[ info ] www.project.com/register [运行时间：0.102704s][吞吐率：9.74req/s] [内存消耗：4,487.97kb] [文件加载：57]
[ info ] [ LANG ] /Library/WebServer/www/project/sep-7/core/lang/zh-cn.php
[ info ] [ ROUTE ] array (
  'type' => 'module',
  'module' => 
  array (
    0 => 'user',
    1 => 'login',
    2 => 'reg',
  ),
  'convert' => false,
)
[ info ] [ HEADER ] array (
  'host' => 'www.project.com',
  'connection' => 'keep-alive',
  'upgrade-insecure-requests' => '1',
  'user-agent' => 'Mozilla/5.0 (Macintosh; Intel Mac OS X 10_12_3) AppleWebKit/537.36 (KHTML, like Gecko) Chrome/60.0.3112.113 Safari/537.36',
  'accept' => 'text/html,application/xhtml+xml,application/xml;q=0.9,image/webp,image/apng,*/*;q=0.8',
  'accept-encoding' => 'gzip, deflate',
  'accept-language' => 'zh-CN,zh;q=0.8,en;q=0.6',
  'cookie' => 'pgv_pvi=8709933056',
)
[ info ] [ PARAM ] array (
  '/register' => '',
)
[ info ] [ DB ] INIT mysql
[ info ] [ RUN ] app\user\controller\Login->reg[ /Library/WebServer/www/project/sep-7/application/user/controller/Login.php ]
[ info ] [ VIEW ] /Library/WebServer/www/project/sep-7/application/user/view/login/reg.html [ array (
  0 => 'request',
  1 => 'param',
) ]
[ info ] [ LOG ] INIT File
---------------------------------------------------------------
[ 2017-09-13T09:47:01+08:00 ] ::1 ::1 GET /user/login/verify.html
[ info ] www.project.com/user/login/verify.html [运行时间：0.098300s][吞吐率：10.17req/s] [内存消耗：4,474.27kb] [文件加载：56]
[ info ] [ LANG ] /Library/WebServer/www/project/sep-7/core/lang/zh-cn.php
[ info ] [ ROUTE ] array (
  'type' => 'module',
  'module' => 
  array (
    0 => 'user',
    1 => 'login',
    2 => 'verify',
  ),
)
[ info ] [ HEADER ] array (
  'host' => 'www.project.com',
  'connection' => 'keep-alive',
  'user-agent' => 'Mozilla/5.0 (Macintosh; Intel Mac OS X 10_12_3) AppleWebKit/537.36 (KHTML, like Gecko) Chrome/60.0.3112.113 Safari/537.36',
  'accept' => 'image/webp,image/apng,image/*,*/*;q=0.8',
  'referer' => 'http://www.project.com/register',
  'accept-encoding' => 'gzip, deflate',
  'accept-language' => 'zh-CN,zh;q=0.8,en;q=0.6',
  'cookie' => 'pgv_pvi=8709933056',
)
[ info ] [ PARAM ] array (
  '/user/login/verify_html' => '',
)
[ info ] [ DB ] INIT mysql
[ info ] [ RUN ] app\common\controller\Base->verify[ /Library/WebServer/www/project/sep-7/application/common/controller/Base.php ]
[ info ] [ SESSION ] INIT array (
  'id' => '',
  'var_session_id' => '',
  'prefix' => 'project',
  'type' => '',
  'auto_start' => true,
)
[ info ] [ LOG ] INIT File
---------------------------------------------------------------
[ 2017-09-13T09:47:01+08:00 ] ::1 ::1 GET /favicon.ico
[ info ] www.project.com/favicon.ico [运行时间：0.047966s][吞吐率：20.85req/s] [内存消耗：2,264.85kb] [文件加载：40]
[ info ] [ LANG ] /Library/WebServer/www/project/sep-7/core/lang/zh-cn.php
[ info ] [ ROUTE ] array (
  'type' => 'module',
  'module' => 
  array (
    0 => 'favicon.ico',
    1 => NULL,
    2 => NULL,
  ),
)
[ info ] [ HEADER ] array (
  'host' => 'www.project.com',
  'connection' => 'keep-alive',
  'user-agent' => 'Mozilla/5.0 (Macintosh; Intel Mac OS X 10_12_3) AppleWebKit/537.36 (KHTML, like Gecko) Chrome/60.0.3112.113 Safari/537.36',
  'accept' => 'image/webp,image/apng,image/*,*/*;q=0.8',
  'referer' => 'http://www.project.com/register',
  'accept-encoding' => 'gzip, deflate',
  'accept-language' => 'zh-CN,zh;q=0.8,en;q=0.6',
  'cookie' => 'pgv_pvi=8709933056; PHPSESSID=34f52ce6fb73ff05d54c9f7f47d159f8',
)
[ info ] [ PARAM ] array (
  '/favicon_ico' => '',
)
[ info ] [ LOG ] INIT File
---------------------------------------------------------------
[ 2017-09-13T09:47:04+08:00 ] ::1 ::1 GET /login.html
[ info ] www.project.com/login.html [运行时间：0.050568s][吞吐率：19.78req/s] [内存消耗：4,491.93kb] [文件加载：57]
[ info ] [ LANG ] /Library/WebServer/www/project/sep-7/core/lang/zh-cn.php
[ info ] [ ROUTE ] array (
  'type' => 'module',
  'module' => 
  array (
    0 => 'user',
    1 => 'login',
    2 => 'login',
  ),
  'convert' => false,
)
[ info ] [ HEADER ] array (
  'host' => 'www.project.com',
  'connection' => 'keep-alive',
  'upgrade-insecure-requests' => '1',
  'user-agent' => 'Mozilla/5.0 (Macintosh; Intel Mac OS X 10_12_3) AppleWebKit/537.36 (KHTML, like Gecko) Chrome/60.0.3112.113 Safari/537.36',
  'accept' => 'text/html,application/xhtml+xml,application/xml;q=0.9,image/webp,image/apng,*/*;q=0.8',
  'accept-encoding' => 'gzip, deflate',
  'accept-language' => 'zh-CN,zh;q=0.8,en;q=0.6',
  'cookie' => 'pgv_pvi=8709933056; PHPSESSID=34f52ce6fb73ff05d54c9f7f47d159f8',
)
[ info ] [ PARAM ] array (
  '/login_html' => '',
)
[ info ] [ SESSION ] INIT array (
  'id' => '',
  'var_session_id' => '',
  'prefix' => 'project',
  'type' => '',
  'auto_start' => true,
)
[ info ] [ DB ] INIT mysql
[ info ] [ RUN ] app\user\controller\Login->login[ /Library/WebServer/www/project/sep-7/application/user/controller/Login.php ]
[ info ] [ VIEW ] /Library/WebServer/www/project/sep-7/application/user/view/login/login.html [ array (
  0 => 'request',
  1 => 'param',
  2 => 'is_vip',
  3 => 'expir_time',
) ]
[ info ] [ LOG ] INIT File
---------------------------------------------------------------
[ 2017-09-13T09:47:12+08:00 ] ::1 ::1 POST /login
[ info ] www.project.com/login [运行时间：0.103993s][吞吐率：9.62req/s] [内存消耗：4,630.21kb] [文件加载：60]
[ info ] [ LANG ] /Library/WebServer/www/project/sep-7/core/lang/zh-cn.php
[ info ] [ ROUTE ] array (
  'type' => 'module',
  'module' => 
  array (
    0 => 'user',
    1 => 'login',
    2 => 'login',
  ),
  'convert' => false,
)
[ info ] [ HEADER ] array (
  'host' => 'www.project.com',
  'connection' => 'keep-alive',
  'content-length' => '46',
  'accept' => '*/*',
  'origin' => 'http://www.project.com',
  'x-requested-with' => 'XMLHttpRequest',
  'user-agent' => 'Mozilla/5.0 (Macintosh; Intel Mac OS X 10_12_3) AppleWebKit/537.36 (KHTML, like Gecko) Chrome/60.0.3112.113 Safari/537.36',
  'content-type' => 'application/x-www-form-urlencoded; charset=UTF-8',
  'referer' => 'http://www.project.com/login.html',
  'accept-encoding' => 'gzip, deflate',
  'accept-language' => 'zh-CN,zh;q=0.8,en;q=0.6',
  'cookie' => 'pgv_pvi=8709933056; PHPSESSID=34f52ce6fb73ff05d54c9f7f47d159f8',
)
[ info ] [ PARAM ] array (
  '/login' => '',
  'phone_num' => 'MTgwNTIzMzg4NTg=',
  'password' => 'MTIzNDU2',
)
[ info ] [ SESSION ] INIT array (
  'id' => '',
  'var_session_id' => '',
  'prefix' => 'project',
  'type' => '',
  'auto_start' => true,
)
[ info ] [ DB ] INIT mysql
[ info ] [ RUN ] app\user\controller\Login->login[ /Library/WebServer/www/project/sep-7/application/user/controller/Login.php ]
[ info ] [ CACHE ] INIT File
[ info ] [ LOG ] INIT File
[ sql ] [ DB ] CONNECT:[ UseTime:0.001786s ] mysql:dbname=demo;host=127.0.0.1;charset=utf8
[ sql ] [ SQL ] SHOW COLUMNS FROM `user` [ RunTime:0.003891s ]
[ sql ] [ SQL ] SELECT * FROM `user` WHERE  `phone_num` = 18052338858 LIMIT 1 [ RunTime:0.001253s ]
[ sql ] [ SQL ] UPDATE `user`  SET `id`=14,`login`=`login`+1,`last_login_time`=1505267232,`last_login_ip`=0  WHERE  `id` = 14 [ RunTime:0.001957s ]
[ sql ] [ SQL ] SHOW COLUMNS FROM `vip_info` [ RunTime:0.003663s ]
[ sql ] [ SQL ] SELECT * FROM `vip_info` WHERE  `user_id` = 14 LIMIT 1 [ RunTime:0.000834s ]
---------------------------------------------------------------
[ 2017-09-13T09:47:14+08:00 ] ::1 ::1 GET /user/user/index
[ info ] www.project.com/user/user/index [运行时间：0.038508s][吞吐率：25.97req/s] [内存消耗：2,797.86kb] [文件加载：48]
[ info ] [ LANG ] /Library/WebServer/www/project/sep-7/core/lang/zh-cn.php
[ info ] [ ROUTE ] array (
  'type' => 'module',
  'module' => 
  array (
    0 => 'user',
    1 => 'user',
    2 => 'index',
  ),
)
[ info ] [ HEADER ] array (
  'host' => 'www.project.com',
  'connection' => 'keep-alive',
  'upgrade-insecure-requests' => '1',
  'user-agent' => 'Mozilla/5.0 (Macintosh; Intel Mac OS X 10_12_3) AppleWebKit/537.36 (KHTML, like Gecko) Chrome/60.0.3112.113 Safari/537.36',
  'accept' => 'text/html,application/xhtml+xml,application/xml;q=0.9,image/webp,image/apng,*/*;q=0.8',
  'referer' => 'http://www.project.com/login.html',
  'accept-encoding' => 'gzip, deflate',
  'accept-language' => 'zh-CN,zh;q=0.8,en;q=0.6',
  'cookie' => 'pgv_pvi=8709933056; PHPSESSID=34f52ce6fb73ff05d54c9f7f47d159f8',
)
[ info ] [ PARAM ] array (
  '/user/user/index' => '',
)
[ info ] [ SESSION ] INIT array (
  'id' => '',
  'var_session_id' => '',
  'prefix' => 'project',
  'type' => '',
  'auto_start' => true,
)
[ info ] [ RUN ] app\user\controller\User->index[ /Library/WebServer/www/project/sep-7/application/user/controller/User.php ]
[ info ] [ VIEW ] /Library/WebServer/www/project/sep-7/application/user/view/user/index.html [ array (
  0 => 'request',
  1 => 'param',
  2 => 'is_vip',
  3 => 'expir_time',
  4 => 'meta_title',
) ]
[ info ] [ LOG ] INIT File
---------------------------------------------------------------
[ 2017-09-13T09:47:14+08:00 ] ::1 ::1 GET /user/user/index
[ info ] www.project.com/user/user/index [运行时间：0.042197s][吞吐率：23.70req/s] [内存消耗：2,797.30kb] [文件加载：48]
[ info ] [ LANG ] /Library/WebServer/www/project/sep-7/core/lang/zh-cn.php
[ info ] [ ROUTE ] array (
  'type' => 'module',
  'module' => 
  array (
    0 => 'user',
    1 => 'user',
    2 => 'index',
  ),
)
[ info ] [ HEADER ] array (
  'host' => 'www.project.com',
  'connection' => 'keep-alive',
  'user-agent' => 'Mozilla/5.0 (Macintosh; Intel Mac OS X 10_12_3) AppleWebKit/537.36 (KHTML, like Gecko) Chrome/60.0.3112.113 Safari/537.36',
  'accept' => 'image/webp,image/apng,image/*,*/*;q=0.8',
  'referer' => 'http://www.project.com/user/user/index',
  'accept-encoding' => 'gzip, deflate',
  'accept-language' => 'zh-CN,zh;q=0.8,en;q=0.6',
  'cookie' => 'pgv_pvi=8709933056; PHPSESSID=34f52ce6fb73ff05d54c9f7f47d159f8',
)
[ info ] [ PARAM ] array (
  '/user/user/index' => '',
)
[ info ] [ SESSION ] INIT array (
  'id' => '',
  'var_session_id' => '',
  'prefix' => 'project',
  'type' => '',
  'auto_start' => true,
)
[ info ] [ RUN ] app\user\controller\User->index[ /Library/WebServer/www/project/sep-7/application/user/controller/User.php ]
[ info ] [ VIEW ] /Library/WebServer/www/project/sep-7/application/user/view/user/index.html [ array (
  0 => 'request',
  1 => 'param',
  2 => 'is_vip',
  3 => 'expir_time',
  4 => 'meta_title',
) ]
[ info ] [ LOG ] INIT File
---------------------------------------------------------------
[ 2017-09-13T09:47:16+08:00 ] ::1 ::1 GET /user/member/index.html
[ info ] www.project.com/user/member/index.html [运行时间：0.036925s][吞吐率：27.08req/s] [内存消耗：2,808.41kb] [文件加载：48]
[ info ] [ LANG ] /Library/WebServer/www/project/sep-7/core/lang/zh-cn.php
[ info ] [ ROUTE ] array (
  'type' => 'module',
  'module' => 
  array (
    0 => 'user',
    1 => 'member',
    2 => 'index',
  ),
)
[ info ] [ HEADER ] array (
  'host' => 'www.project.com',
  'connection' => 'keep-alive',
  'upgrade-insecure-requests' => '1',
  'user-agent' => 'Mozilla/5.0 (Macintosh; Intel Mac OS X 10_12_3) AppleWebKit/537.36 (KHTML, like Gecko) Chrome/60.0.3112.113 Safari/537.36',
  'accept' => 'text/html,application/xhtml+xml,application/xml;q=0.9,image/webp,image/apng,*/*;q=0.8',
  'referer' => 'http://www.project.com/user/user/index',
  'accept-encoding' => 'gzip, deflate',
  'accept-language' => 'zh-CN,zh;q=0.8,en;q=0.6',
  'cookie' => 'pgv_pvi=8709933056; PHPSESSID=34f52ce6fb73ff05d54c9f7f47d159f8',
)
[ info ] [ PARAM ] array (
  '/user/member/index_html' => '',
)
[ info ] [ SESSION ] INIT array (
  'id' => '',
  'var_session_id' => '',
  'prefix' => 'project',
  'type' => '',
  'auto_start' => true,
)
[ info ] [ RUN ] app\user\controller\Member->index[ /Library/WebServer/www/project/sep-7/application/user/controller/Member.php ]
[ info ] [ VIEW ] /Library/WebServer/www/project/sep-7/application/user/view/member/index.html [ array (
  0 => 'request',
  1 => 'param',
  2 => 'is_vip',
  3 => 'expir_time',
  4 => 'meta_title',
) ]
[ info ] [ LOG ] INIT File
---------------------------------------------------------------
[ 2017-09-13T09:47:16+08:00 ] ::1 ::1 GET /user/member/index.html
[ info ] www.project.com/user/member/index.html [运行时间：0.035054s][吞吐率：28.53req/s] [内存消耗：2,808.01kb] [文件加载：48]
[ info ] [ LANG ] /Library/WebServer/www/project/sep-7/core/lang/zh-cn.php
[ info ] [ ROUTE ] array (
  'type' => 'module',
  'module' => 
  array (
    0 => 'user',
    1 => 'member',
    2 => 'index',
  ),
)
[ info ] [ HEADER ] array (
  'host' => 'www.project.com',
  'connection' => 'keep-alive',
  'user-agent' => 'Mozilla/5.0 (Macintosh; Intel Mac OS X 10_12_3) AppleWebKit/537.36 (KHTML, like Gecko) Chrome/60.0.3112.113 Safari/537.36',
  'accept' => 'image/webp,image/apng,image/*,*/*;q=0.8',
  'referer' => 'http://www.project.com/user/member/index.html',
  'accept-encoding' => 'gzip, deflate',
  'accept-language' => 'zh-CN,zh;q=0.8,en;q=0.6',
  'cookie' => 'pgv_pvi=8709933056; PHPSESSID=34f52ce6fb73ff05d54c9f7f47d159f8',
)
[ info ] [ PARAM ] array (
  '/user/member/index_html' => '',
)
[ info ] [ SESSION ] INIT array (
  'id' => '',
  'var_session_id' => '',
  'prefix' => 'project',
  'type' => '',
  'auto_start' => true,
)
[ info ] [ RUN ] app\user\controller\Member->index[ /Library/WebServer/www/project/sep-7/application/user/controller/Member.php ]
[ info ] [ VIEW ] /Library/WebServer/www/project/sep-7/application/user/view/member/index.html [ array (
  0 => 'request',
  1 => 'param',
  2 => 'is_vip',
  3 => 'expir_time',
  4 => 'meta_title',
) ]
[ info ] [ LOG ] INIT File
---------------------------------------------------------------
[ 2017-09-13T09:47:17+08:00 ] ::1 ::1 GET /user/member/manage
[ info ] www.project.com/user/member/manage [运行时间：0.036352s][吞吐率：27.51req/s] [内存消耗：2,808.58kb] [文件加载：48]
[ info ] [ LANG ] /Library/WebServer/www/project/sep-7/core/lang/zh-cn.php
[ info ] [ ROUTE ] array (
  'type' => 'module',
  'module' => 
  array (
    0 => 'user',
    1 => 'member',
    2 => 'manage',
  ),
)
[ info ] [ HEADER ] array (
  'host' => 'www.project.com',
  'connection' => 'keep-alive',
  'upgrade-insecure-requests' => '1',
  'user-agent' => 'Mozilla/5.0 (Macintosh; Intel Mac OS X 10_12_3) AppleWebKit/537.36 (KHTML, like Gecko) Chrome/60.0.3112.113 Safari/537.36',
  'accept' => 'text/html,application/xhtml+xml,application/xml;q=0.9,image/webp,image/apng,*/*;q=0.8',
  'referer' => 'http://www.project.com/user/member/index.html',
  'accept-encoding' => 'gzip, deflate',
  'accept-language' => 'zh-CN,zh;q=0.8,en;q=0.6',
  'cookie' => 'pgv_pvi=8709933056; PHPSESSID=34f52ce6fb73ff05d54c9f7f47d159f8',
)
[ info ] [ PARAM ] array (
  '/user/member/manage' => '',
)
[ info ] [ SESSION ] INIT array (
  'id' => '',
  'var_session_id' => '',
  'prefix' => 'project',
  'type' => '',
  'auto_start' => true,
)
[ info ] [ RUN ] app\user\controller\Member->manage[ /Library/WebServer/www/project/sep-7/application/user/controller/Member.php ]
[ info ] [ VIEW ] /Library/WebServer/www/project/sep-7/application/user/view/member/manage.html [ array (
  0 => 'request',
  1 => 'param',
  2 => 'is_vip',
  3 => 'expir_time',
  4 => 'meta_title',
) ]
[ info ] [ LOG ] INIT File
---------------------------------------------------------------
[ 2017-09-13T09:47:18+08:00 ] ::1 ::1 GET /user/member/manage
[ info ] www.project.com/user/member/manage [运行时间：0.044846s][吞吐率：22.30req/s] [内存消耗：2,808.14kb] [文件加载：48]
[ info ] [ LANG ] /Library/WebServer/www/project/sep-7/core/lang/zh-cn.php
[ info ] [ ROUTE ] array (
  'type' => 'module',
  'module' => 
  array (
    0 => 'user',
    1 => 'member',
    2 => 'manage',
  ),
)
[ info ] [ HEADER ] array (
  'host' => 'www.project.com',
  'connection' => 'keep-alive',
  'user-agent' => 'Mozilla/5.0 (Macintosh; Intel Mac OS X 10_12_3) AppleWebKit/537.36 (KHTML, like Gecko) Chrome/60.0.3112.113 Safari/537.36',
  'accept' => 'image/webp,image/apng,image/*,*/*;q=0.8',
  'referer' => 'http://www.project.com/user/member/manage',
  'accept-encoding' => 'gzip, deflate',
  'accept-language' => 'zh-CN,zh;q=0.8,en;q=0.6',
  'cookie' => 'pgv_pvi=8709933056; PHPSESSID=34f52ce6fb73ff05d54c9f7f47d159f8',
)
[ info ] [ PARAM ] array (
  '/user/member/manage' => '',
)
[ info ] [ SESSION ] INIT array (
  'id' => '',
  'var_session_id' => '',
  'prefix' => 'project',
  'type' => '',
  'auto_start' => true,
)
[ info ] [ RUN ] app\user\controller\Member->manage[ /Library/WebServer/www/project/sep-7/application/user/controller/Member.php ]
[ info ] [ VIEW ] /Library/WebServer/www/project/sep-7/application/user/view/member/manage.html [ array (
  0 => 'request',
  1 => 'param',
  2 => 'is_vip',
  3 => 'expir_time',
  4 => 'meta_title',
) ]
[ info ] [ LOG ] INIT File
---------------------------------------------------------------
[ 2017-09-13T09:47:21+08:00 ] ::1 ::1 GET /user/member/pay
[ info ] www.project.com/user/member/pay [运行时间：0.033894s][吞吐率：29.50req/s] [内存消耗：2,808.67kb] [文件加载：48]
[ info ] [ LANG ] /Library/WebServer/www/project/sep-7/core/lang/zh-cn.php
[ info ] [ ROUTE ] array (
  'type' => 'module',
  'module' => 
  array (
    0 => 'user',
    1 => 'member',
    2 => 'pay',
  ),
)
[ info ] [ HEADER ] array (
  'host' => 'www.project.com',
  'connection' => 'keep-alive',
  'upgrade-insecure-requests' => '1',
  'user-agent' => 'Mozilla/5.0 (Macintosh; Intel Mac OS X 10_12_3) AppleWebKit/537.36 (KHTML, like Gecko) Chrome/60.0.3112.113 Safari/537.36',
  'accept' => 'text/html,application/xhtml+xml,application/xml;q=0.9,image/webp,image/apng,*/*;q=0.8',
  'referer' => 'http://www.project.com/user/member/manage',
  'accept-encoding' => 'gzip, deflate',
  'accept-language' => 'zh-CN,zh;q=0.8,en;q=0.6',
  'cookie' => 'pgv_pvi=8709933056; PHPSESSID=34f52ce6fb73ff05d54c9f7f47d159f8',
)
[ info ] [ PARAM ] array (
  '/user/member/pay' => '',
)
[ info ] [ SESSION ] INIT array (
  'id' => '',
  'var_session_id' => '',
  'prefix' => 'project',
  'type' => '',
  'auto_start' => true,
)
[ info ] [ RUN ] app\user\controller\Member->pay[ /Library/WebServer/www/project/sep-7/application/user/controller/Member.php ]
[ info ] [ VIEW ] /Library/WebServer/www/project/sep-7/application/user/view/member/pay.html [ array (
  0 => 'request',
  1 => 'param',
  2 => 'is_vip',
  3 => 'expir_time',
  4 => 'order_no',
  5 => 'meta_title',
) ]
[ info ] [ LOG ] INIT File
---------------------------------------------------------------
[ 2017-09-13T09:47:25+08:00 ] ::1 ::1 POST /pay/payments/wxpay.html
[ info ] www.project.com/pay/payments/wxpay.html [运行时间：0.417874s][吞吐率：2.39req/s] [内存消耗：6,228.87kb] [文件加载：58]
[ info ] [ LANG ] /Library/WebServer/www/project/sep-7/core/lang/zh-cn.php
[ info ] [ ROUTE ] array (
  'type' => 'module',
  'module' => 
  array (
    0 => 'pay',
    1 => 'payments',
    2 => 'wxpay',
  ),
)
[ info ] [ HEADER ] array (
  'host' => 'www.project.com',
  'connection' => 'keep-alive',
  'content-length' => '67',
  'cache-control' => 'max-age=0',
  'origin' => 'http://www.project.com',
  'upgrade-insecure-requests' => '1',
  'user-agent' => 'Mozilla/5.0 (Macintosh; Intel Mac OS X 10_12_3) AppleWebKit/537.36 (KHTML, like Gecko) Chrome/60.0.3112.113 Safari/537.36',
  'content-type' => 'application/x-www-form-urlencoded',
  'accept' => 'text/html,application/xhtml+xml,application/xml;q=0.9,image/webp,image/apng,*/*;q=0.8',
  'referer' => 'http://www.project.com/user/member/pay',
  'accept-encoding' => 'gzip, deflate',
  'accept-language' => 'zh-CN,zh;q=0.8,en;q=0.6',
  'cookie' => 'pgv_pvi=8709933056; PHPSESSID=34f52ce6fb73ff05d54c9f7f47d159f8',
)
[ info ] [ PARAM ] array (
  '/pay/payments/wxpay_html' => '',
  'order_no' => '20170913094721196514273477894231',
  'price' => '0.01',
  'payCode' => 'weixin',
)
[ info ] [ DB ] INIT mysql
[ info ] [ RUN ] app\pay\controller\Payments->wxpay[ /Library/WebServer/www/project/sep-7/application/pay/controller/Payments.php ]
[ info ] [ LOG ] INIT File
[ sql ] [ DB ] CONNECT:[ UseTime:0.000570s ] mysql:dbname=demo;host=127.0.0.1;charset=utf8
[ sql ] [ SQL ] SHOW COLUMNS FROM `setting` [ RunTime:0.003075s ]
[ sql ] [ SQL ] SELECT * FROM `setting` WHERE  `module` = 'pay' LIMIT 1 [ RunTime:0.000828s ]
[ sql ] [ SQL ] SELECT * FROM `setting` WHERE  `module` = 'pay' LIMIT 1 [ RunTime:0.000721s ]
[ sql ] [ SQL ] SHOW COLUMNS FROM `pay_account` [ RunTime:0.003028s ]
[ sql ] [ SQL ] SELECT * FROM `pay_account` WHERE  `trade_sn` = '20170913094721196514273477894231' LIMIT 1 [ RunTime:0.000882s ]
[ sql ] [ SQL ] INSERT INTO `pay_account` (`module` , `userid` , `username` , `trade_sn` , `contactname` , `email` , `wxpay_appid` , `trade_type` , `telephone` , `totalMoney` , `num` , `addtime` , `pay_type` , `pay_ment` , `openid` , `ip` , `status`) VALUES ('pay' , 1 , '广州公司' , '20170913094721196514273477894231' , '开通会员及续费' , 'lohover@163.com@qq.com' , 'wx2cdc50e475ad21b9' , 'NATIVE' , '18052338858' , 1 , 1 , 1505267245 , 'weixin' , '微信支付' , '' , '0.0.0.0' , 0) [ RunTime:0.001161s ]
---------------------------------------------------------------
[ 2017-09-13T09:47:38+08:00 ] ::1 ::1 POST /pay/payments/wxpay.html
[ info ] www.project.com/pay/payments/wxpay.html [运行时间：2.179657s][吞吐率：0.46req/s] [内存消耗：5,237.27kb] [文件加载：59]
[ info ] [ LANG ] /Library/WebServer/www/project/sep-7/core/lang/zh-cn.php
[ info ] [ ROUTE ] array (
  'type' => 'module',
  'module' => 
  array (
    0 => 'pay',
    1 => 'payments',
    2 => 'wxpay',
  ),
)
[ info ] [ HEADER ] array (
  'host' => 'www.project.com',
  'connection' => 'keep-alive',
  'content-length' => '67',
  'cache-control' => 'max-age=0',
  'origin' => 'http://www.project.com',
  'upgrade-insecure-requests' => '1',
  'user-agent' => 'Mozilla/5.0 (Macintosh; Intel Mac OS X 10_12_3) AppleWebKit/537.36 (KHTML, like Gecko) Chrome/60.0.3112.113 Safari/537.36',
  'content-type' => 'application/x-www-form-urlencoded',
  'accept' => 'text/html,application/xhtml+xml,application/xml;q=0.9,image/webp,image/apng,*/*;q=0.8',
  'referer' => 'http://www.project.com/user/member/pay',
  'accept-encoding' => 'gzip, deflate',
  'accept-language' => 'zh-CN,zh;q=0.8,en;q=0.6',
  'cookie' => 'pgv_pvi=8709933056; PHPSESSID=34f52ce6fb73ff05d54c9f7f47d159f8',
)
[ info ] [ PARAM ] array (
  '/pay/payments/wxpay_html' => '',
  'order_no' => '20170913094721196514273477894231',
  'price' => '0.01',
  'payCode' => 'weixin',
)
[ info ] [ DB ] INIT mysql
[ info ] [ RUN ] app\pay\controller\Payments->wxpay[ /Library/WebServer/www/project/sep-7/application/pay/controller/Payments.php ]
[ info ] [ VIEW ] /Library/WebServer/www/project/sep-7/core/tpl/dispatch_jump.tpl [ array (
  0 => 'code',
  1 => 'msg',
  2 => 'data',
  3 => 'url',
  4 => 'wait',
) ]
[ info ] [ LOG ] INIT File
[ sql ] [ DB ] CONNECT:[ UseTime:0.000640s ] mysql:dbname=demo;host=127.0.0.1;charset=utf8
[ sql ] [ SQL ] SHOW COLUMNS FROM `setting` [ RunTime:0.002888s ]
[ sql ] [ SQL ] SELECT * FROM `setting` WHERE  `module` = 'pay' LIMIT 1 [ RunTime:0.000610s ]
[ sql ] [ SQL ] SELECT * FROM `setting` WHERE  `module` = 'pay' LIMIT 1 [ RunTime:0.000602s ]
[ sql ] [ SQL ] SHOW COLUMNS FROM `pay_account` [ RunTime:0.002261s ]
[ sql ] [ SQL ] SELECT * FROM `pay_account` WHERE  `trade_sn` = '20170913094721196514273477894231' LIMIT 1 [ RunTime:0.000641s ]
---------------------------------------------------------------
[ 2017-09-13T09:47:53+08:00 ] ::1 ::1 GET /user/member/pay
[ info ] www.project.com/user/member/pay [运行时间：0.048242s][吞吐率：20.73req/s] [内存消耗：2,809.28kb] [文件加载：48]
[ info ] [ LANG ] /Library/WebServer/www/project/sep-7/core/lang/zh-cn.php
[ info ] [ ROUTE ] array (
  'type' => 'module',
  'module' => 
  array (
    0 => 'user',
    1 => 'member',
    2 => 'pay',
  ),
)
[ info ] [ HEADER ] array (
  'host' => 'www.project.com',
  'connection' => 'keep-alive',
  'cache-control' => 'max-age=0',
  'upgrade-insecure-requests' => '1',
  'user-agent' => 'Mozilla/5.0 (Macintosh; Intel Mac OS X 10_12_3) AppleWebKit/537.36 (KHTML, like Gecko) Chrome/60.0.3112.113 Safari/537.36',
  'accept' => 'text/html,application/xhtml+xml,application/xml;q=0.9,image/webp,image/apng,*/*;q=0.8',
  'referer' => 'http://www.project.com/user/member/manage',
  'accept-encoding' => 'gzip, deflate',
  'accept-language' => 'zh-CN,zh;q=0.8,en;q=0.6',
  'cookie' => 'pgv_pvi=8709933056; PHPSESSID=34f52ce6fb73ff05d54c9f7f47d159f8',
)
[ info ] [ PARAM ] array (
  '/user/member/pay' => '',
)
[ info ] [ SESSION ] INIT array (
  'id' => '',
  'var_session_id' => '',
  'prefix' => 'project',
  'type' => '',
  'auto_start' => true,
)
[ info ] [ RUN ] app\user\controller\Member->pay[ /Library/WebServer/www/project/sep-7/application/user/controller/Member.php ]
[ info ] [ VIEW ] /Library/WebServer/www/project/sep-7/application/user/view/member/pay.html [ array (
  0 => 'request',
  1 => 'param',
  2 => 'is_vip',
  3 => 'expir_time',
  4 => 'order_no',
  5 => 'meta_title',
) ]
[ info ] [ LOG ] INIT File
---------------------------------------------------------------
[ 2017-09-13T09:47:58+08:00 ] ::1 ::1 POST /pay/payments/wxpay.html
[ info ] www.project.com/pay/payments/wxpay.html [运行时间：0.299676s][吞吐率：3.34req/s] [内存消耗：6,228.91kb] [文件加载：58]
[ info ] [ LANG ] /Library/WebServer/www/project/sep-7/core/lang/zh-cn.php
[ info ] [ ROUTE ] array (
  'type' => 'module',
  'module' => 
  array (
    0 => 'pay',
    1 => 'payments',
    2 => 'wxpay',
  ),
)
[ info ] [ HEADER ] array (
  'host' => 'www.project.com',
  'connection' => 'keep-alive',
  'content-length' => '67',
  'cache-control' => 'max-age=0',
  'origin' => 'http://www.project.com',
  'upgrade-insecure-requests' => '1',
  'user-agent' => 'Mozilla/5.0 (Macintosh; Intel Mac OS X 10_12_3) AppleWebKit/537.36 (KHTML, like Gecko) Chrome/60.0.3112.113 Safari/537.36',
  'content-type' => 'application/x-www-form-urlencoded',
  'accept' => 'text/html,application/xhtml+xml,application/xml;q=0.9,image/webp,image/apng,*/*;q=0.8',
  'referer' => 'http://www.project.com/user/member/pay',
  'accept-encoding' => 'gzip, deflate',
  'accept-language' => 'zh-CN,zh;q=0.8,en;q=0.6',
  'cookie' => 'pgv_pvi=8709933056; PHPSESSID=34f52ce6fb73ff05d54c9f7f47d159f8',
)
[ info ] [ PARAM ] array (
  '/pay/payments/wxpay_html' => '',
  'order_no' => '20170913094753318788744722446481',
  'price' => '0.01',
  'payCode' => 'weixin',
)
[ info ] [ DB ] INIT mysql
[ info ] [ RUN ] app\pay\controller\Payments->wxpay[ /Library/WebServer/www/project/sep-7/application/pay/controller/Payments.php ]
[ info ] [ LOG ] INIT File
[ sql ] [ DB ] CONNECT:[ UseTime:0.000725s ] mysql:dbname=demo;host=127.0.0.1;charset=utf8
[ sql ] [ SQL ] SHOW COLUMNS FROM `setting` [ RunTime:0.002992s ]
[ sql ] [ SQL ] SELECT * FROM `setting` WHERE  `module` = 'pay' LIMIT 1 [ RunTime:0.000612s ]
[ sql ] [ SQL ] SELECT * FROM `setting` WHERE  `module` = 'pay' LIMIT 1 [ RunTime:0.000599s ]
[ sql ] [ SQL ] SHOW COLUMNS FROM `pay_account` [ RunTime:0.002775s ]
[ sql ] [ SQL ] SELECT * FROM `pay_account` WHERE  `trade_sn` = '20170913094753318788744722446481' LIMIT 1 [ RunTime:0.000622s ]
[ sql ] [ SQL ] INSERT INTO `pay_account` (`module` , `userid` , `username` , `trade_sn` , `contactname` , `email` , `wxpay_appid` , `trade_type` , `telephone` , `totalMoney` , `num` , `addtime` , `pay_type` , `pay_ment` , `openid` , `ip` , `status`) VALUES ('pay' , 1 , '广州公司' , '20170913094753318788744722446481' , '开通会员及续费' , 'lohover@163.com@qq.com' , 'wx2cdc50e475ad21b9' , 'NATIVE' , '18052338858' , 1 , 1 , 1505267278 , 'weixin' , '微信支付' , '' , '0.0.0.0' , 0) [ RunTime:0.000776s ]
---------------------------------------------------------------
[ 2017-09-13T09:49:45+08:00 ] ::1 ::1 POST /pay/payments/wxpay.html
[ info ] www.project.com/pay/payments/wxpay.html [运行时间：3.331958s][吞吐率：0.30req/s] [内存消耗：5,127.09kb] [文件加载：55]
[ info ] [ LANG ] /Library/WebServer/www/project/sep-7/core/lang/zh-cn.php
[ info ] [ ROUTE ] array (
  'type' => 'module',
  'module' => 
  array (
    0 => 'pay',
    1 => 'payments',
    2 => 'wxpay',
  ),
)
[ info ] [ HEADER ] array (
  'host' => 'www.project.com',
  'connection' => 'keep-alive',
  'content-length' => '67',
  'cache-control' => 'max-age=0',
  'origin' => 'http://www.project.com',
  'upgrade-insecure-requests' => '1',
  'user-agent' => 'Mozilla/5.0 (Macintosh; Intel Mac OS X 10_12_3) AppleWebKit/537.36 (KHTML, like Gecko) Chrome/60.0.3112.113 Safari/537.36',
  'content-type' => 'application/x-www-form-urlencoded',
  'accept' => 'text/html,application/xhtml+xml,application/xml;q=0.9,image/webp,image/apng,*/*;q=0.8',
  'referer' => 'http://www.project.com/user/member/pay',
  'accept-encoding' => 'gzip, deflate',
  'accept-language' => 'zh-CN,zh;q=0.8,en;q=0.6',
  'cookie' => 'pgv_pvi=8709933056; PHPSESSID=34f52ce6fb73ff05d54c9f7f47d159f8',
)
[ info ] [ PARAM ] array (
  '/pay/payments/wxpay_html' => '',
  'order_no' => '20170913094753318788744722446481',
  'price' => '0.01',
  'payCode' => 'weixin',
)
[ info ] [ DB ] INIT mysql
[ info ] [ RUN ] app\pay\controller\Payments->wxpay[ /Library/WebServer/www/project/sep-7/application/pay/controller/Payments.php ]
[ info ] [ LOG ] INIT File
[ sql ] [ DB ] CONNECT:[ UseTime:0.001024s ] mysql:dbname=demo;host=127.0.0.1;charset=utf8
[ sql ] [ SQL ] SHOW COLUMNS FROM `setting` [ RunTime:0.003303s ]
[ sql ] [ SQL ] SELECT * FROM `setting` WHERE  `module` = 'pay' LIMIT 1 [ RunTime:0.000777s ]
[ sql ] [ SQL ] SELECT * FROM `setting` WHERE  `module` = 'pay' LIMIT 1 [ RunTime:0.000810s ]
[ sql ] [ SQL ] SHOW COLUMNS FROM `pay_account` [ RunTime:0.002540s ]
[ sql ] [ SQL ] SELECT * FROM `pay_account` WHERE  `trade_sn` = '20170913094753318788744722446481' LIMIT 1 [ RunTime:0.000907s ]
---------------------------------------------------------------
[ 2017-09-13T09:49:51+08:00 ] ::1 ::1 GET /user/member/pay
[ info ] www.project.com/user/member/pay [运行时间：0.056235s][吞吐率：17.78req/s] [内存消耗：2,809.11kb] [文件加载：48]
[ info ] [ LANG ] /Library/WebServer/www/project/sep-7/core/lang/zh-cn.php
[ info ] [ ROUTE ] array (
  'type' => 'module',
  'module' => 
  array (
    0 => 'user',
    1 => 'member',
    2 => 'pay',
  ),
)
[ info ] [ HEADER ] array (
  'host' => 'www.project.com',
  'connection' => 'keep-alive',
  'cache-control' => 'max-age=0',
  'upgrade-insecure-requests' => '1',
  'user-agent' => 'Mozilla/5.0 (Macintosh; Intel Mac OS X 10_12_3) AppleWebKit/537.36 (KHTML, like Gecko) Chrome/60.0.3112.113 Safari/537.36',
  'accept' => 'text/html,application/xhtml+xml,application/xml;q=0.9,image/webp,image/apng,*/*;q=0.8',
  'referer' => 'http://www.project.com/user/member/manage',
  'accept-encoding' => 'gzip, deflate',
  'accept-language' => 'zh-CN,zh;q=0.8,en;q=0.6',
  'cookie' => 'pgv_pvi=8709933056; PHPSESSID=34f52ce6fb73ff05d54c9f7f47d159f8',
)
[ info ] [ PARAM ] array (
  '/user/member/pay' => '',
)
[ info ] [ SESSION ] INIT array (
  'id' => '',
  'var_session_id' => '',
  'prefix' => 'project',
  'type' => '',
  'auto_start' => true,
)
[ info ] [ RUN ] app\user\controller\Member->pay[ /Library/WebServer/www/project/sep-7/application/user/controller/Member.php ]
[ info ] [ VIEW ] /Library/WebServer/www/project/sep-7/application/user/view/member/pay.html [ array (
  0 => 'request',
  1 => 'param',
  2 => 'is_vip',
  3 => 'expir_time',
  4 => 'order_no',
  5 => 'meta_title',
) ]
[ info ] [ LOG ] INIT File
---------------------------------------------------------------
[ 2017-09-13T09:51:25+08:00 ] ::1 ::1 GET /user/member/pay
[ info ] www.project.com/user/member/pay [运行时间：0.061514s][吞吐率：16.26req/s] [内存消耗：3,033.91kb] [文件加载：50]
[ info ] [ LANG ] /Library/WebServer/www/project/sep-7/core/lang/zh-cn.php
[ info ] [ ROUTE ] array (
  'type' => 'module',
  'module' => 
  array (
    0 => 'user',
    1 => 'member',
    2 => 'pay',
  ),
)
[ info ] [ HEADER ] array (
  'host' => 'www.project.com',
  'connection' => 'keep-alive',
  'cache-control' => 'max-age=0',
  'upgrade-insecure-requests' => '1',
  'user-agent' => 'Mozilla/5.0 (Macintosh; Intel Mac OS X 10_12_3) AppleWebKit/537.36 (KHTML, like Gecko) Chrome/60.0.3112.113 Safari/537.36',
  'accept' => 'text/html,application/xhtml+xml,application/xml;q=0.9,image/webp,image/apng,*/*;q=0.8',
  'referer' => 'http://www.project.com/user/member/manage',
  'accept-encoding' => 'gzip, deflate',
  'accept-language' => 'zh-CN,zh;q=0.8,en;q=0.6',
  'cookie' => 'pgv_pvi=8709933056; PHPSESSID=34f52ce6fb73ff05d54c9f7f47d159f8',
)
[ info ] [ PARAM ] array (
  '/user/member/pay' => '',
)
[ info ] [ SESSION ] INIT array (
  'id' => '',
  'var_session_id' => '',
  'prefix' => 'project',
  'type' => '',
  'auto_start' => true,
)
[ info ] [ RUN ] app\user\controller\Member->pay[ /Library/WebServer/www/project/sep-7/application/user/controller/Member.php ]
[ info ] [ VIEW ] /Library/WebServer/www/project/sep-7/application/user/view/member/pay.html [ array (
  0 => 'request',
  1 => 'param',
  2 => 'is_vip',
  3 => 'expir_time',
  4 => 'order_no',
  5 => 'meta_title',
) ]
[ info ] [ LOG ] INIT File
---------------------------------------------------------------
[ 2017-09-13T09:51:34+08:00 ] ::1 ::1 POST /pay/payments/wxpay.html
[ info ] www.project.com/pay/payments/wxpay.html [运行时间：3.477206s][吞吐率：0.29req/s] [内存消耗：5,118.41kb] [文件加载：55]
[ info ] [ LANG ] /Library/WebServer/www/project/sep-7/core/lang/zh-cn.php
[ info ] [ ROUTE ] array (
  'type' => 'module',
  'module' => 
  array (
    0 => 'pay',
    1 => 'payments',
    2 => 'wxpay',
  ),
)
[ info ] [ HEADER ] array (
  'host' => 'www.project.com',
  'connection' => 'keep-alive',
  'content-length' => '67',
  'cache-control' => 'max-age=0',
  'origin' => 'http://www.project.com',
  'upgrade-insecure-requests' => '1',
  'user-agent' => 'Mozilla/5.0 (Macintosh; Intel Mac OS X 10_12_3) AppleWebKit/537.36 (KHTML, like Gecko) Chrome/60.0.3112.113 Safari/537.36',
  'content-type' => 'application/x-www-form-urlencoded',
  'accept' => 'text/html,application/xhtml+xml,application/xml;q=0.9,image/webp,image/apng,*/*;q=0.8',
  'referer' => 'http://www.project.com/user/member/pay',
  'accept-encoding' => 'gzip, deflate',
  'accept-language' => 'zh-CN,zh;q=0.8,en;q=0.6',
  'cookie' => 'pgv_pvi=8709933056; PHPSESSID=34f52ce6fb73ff05d54c9f7f47d159f8',
)
[ info ] [ PARAM ] array (
  '/pay/payments/wxpay_html' => '',
  'order_no' => '20170913095125714293625318943165',
  'price' => '0.01',
  'payCode' => 'weixin',
)
[ info ] [ DB ] INIT mysql
[ info ] [ RUN ] app\pay\controller\Payments->wxpay[ /Library/WebServer/www/project/sep-7/application/pay/controller/Payments.php ]
[ info ] [ LOG ] INIT File
[ sql ] [ DB ] CONNECT:[ UseTime:0.000778s ] mysql:dbname=demo;host=127.0.0.1;charset=utf8
[ sql ] [ SQL ] SHOW COLUMNS FROM `setting` [ RunTime:0.003034s ]
[ sql ] [ SQL ] SELECT * FROM `setting` WHERE  `module` = 'pay' LIMIT 1 [ RunTime:0.000678s ]
[ sql ] [ SQL ] SELECT * FROM `setting` WHERE  `module` = 'pay' LIMIT 1 [ RunTime:0.000561s ]
[ sql ] [ SQL ] SHOW COLUMNS FROM `pay_account` [ RunTime:0.002255s ]
[ sql ] [ SQL ] SELECT * FROM `pay_account` WHERE  `trade_sn` = '20170913095125714293625318943165' LIMIT 1 [ RunTime:0.000649s ]
[ sql ] [ SQL ] INSERT INTO `pay_account` (`module` , `userid` , `username` , `trade_sn` , `contactname` , `email` , `wxpay_appid` , `trade_type` , `telephone` , `totalMoney` , `num` , `addtime` , `pay_type` , `pay_ment` , `openid` , `ip` , `status`) VALUES ('pay' , 1 , '广州公司' , '20170913095125714293625318943165' , '开通会员及续费' , 'lohover@163.com@qq.com' , 'wx2cdc50e475ad21b9' , 'NATIVE' , '18052338858' , 1 , 1 , 1505267490 , 'weixin' , '微信支付' , '' , '0.0.0.0' , 0) [ RunTime:0.000618s ]
---------------------------------------------------------------
[ 2017-09-13T09:55:04+08:00 ] ::1 ::1 GET /user/member/pay
[ info ] www.project.com/user/member/pay [运行时间：0.044090s][吞吐率：22.68req/s] [内存消耗：2,809.11kb] [文件加载：48]
[ info ] [ LANG ] /Library/WebServer/www/project/sep-7/core/lang/zh-cn.php
[ info ] [ ROUTE ] array (
  'type' => 'module',
  'module' => 
  array (
    0 => 'user',
    1 => 'member',
    2 => 'pay',
  ),
)
[ info ] [ HEADER ] array (
  'host' => 'www.project.com',
  'connection' => 'keep-alive',
  'cache-control' => 'max-age=0',
  'upgrade-insecure-requests' => '1',
  'user-agent' => 'Mozilla/5.0 (Macintosh; Intel Mac OS X 10_12_3) AppleWebKit/537.36 (KHTML, like Gecko) Chrome/60.0.3112.113 Safari/537.36',
  'accept' => 'text/html,application/xhtml+xml,application/xml;q=0.9,image/webp,image/apng,*/*;q=0.8',
  'referer' => 'http://www.project.com/user/member/manage',
  'accept-encoding' => 'gzip, deflate',
  'accept-language' => 'zh-CN,zh;q=0.8,en;q=0.6',
  'cookie' => 'pgv_pvi=8709933056; PHPSESSID=34f52ce6fb73ff05d54c9f7f47d159f8',
)
[ info ] [ PARAM ] array (
  '/user/member/pay' => '',
)
[ info ] [ SESSION ] INIT array (
  'id' => '',
  'var_session_id' => '',
  'prefix' => 'project',
  'type' => '',
  'auto_start' => true,
)
[ info ] [ RUN ] app\user\controller\Member->pay[ /Library/WebServer/www/project/sep-7/application/user/controller/Member.php ]
[ info ] [ VIEW ] /Library/WebServer/www/project/sep-7/application/user/view/member/pay.html [ array (
  0 => 'request',
  1 => 'param',
  2 => 'is_vip',
  3 => 'expir_time',
  4 => 'order_no',
  5 => 'meta_title',
) ]
[ info ] [ LOG ] INIT File
---------------------------------------------------------------
[ 2017-09-13T09:55:14+08:00 ] ::1 ::1 POST /pay/payments/alipay.html
[ info ] www.project.com/pay/payments/alipay.html [运行时间：0.078972s][吞吐率：12.66req/s] [内存消耗：5,228.62kb] [文件加载：57]
[ info ] [ LANG ] /Library/WebServer/www/project/sep-7/core/lang/zh-cn.php
[ info ] [ ROUTE ] array (
  'type' => 'module',
  'module' => 
  array (
    0 => 'pay',
    1 => 'payments',
    2 => 'alipay',
  ),
)
[ info ] [ HEADER ] array (
  'host' => 'www.project.com',
  'connection' => 'keep-alive',
  'content-length' => '67',
  'cache-control' => 'max-age=0',
  'origin' => 'http://www.project.com',
  'upgrade-insecure-requests' => '1',
  'user-agent' => 'Mozilla/5.0 (Macintosh; Intel Mac OS X 10_12_3) AppleWebKit/537.36 (KHTML, like Gecko) Chrome/60.0.3112.113 Safari/537.36',
  'content-type' => 'application/x-www-form-urlencoded',
  'accept' => 'text/html,application/xhtml+xml,application/xml;q=0.9,image/webp,image/apng,*/*;q=0.8',
  'referer' => 'http://www.project.com/user/member/pay',
  'accept-encoding' => 'gzip, deflate',
  'accept-language' => 'zh-CN,zh;q=0.8,en;q=0.6',
  'cookie' => 'pgv_pvi=8709933056; PHPSESSID=34f52ce6fb73ff05d54c9f7f47d159f8',
)
[ info ] [ PARAM ] array (
  '/pay/payments/alipay_html' => '',
  'order_no' => '20170913095504451174649386864338',
  'price' => '0.01',
  'payCode' => 'alipay',
)
[ info ] [ DB ] INIT mysql
[ info ] [ RUN ] app\pay\controller\Payments->alipay[ /Library/WebServer/www/project/sep-7/application/pay/controller/Payments.php ]
[ info ] [ LOG ] INIT File
[ sql ] [ DB ] CONNECT:[ UseTime:0.000793s ] mysql:dbname=demo;host=127.0.0.1;charset=utf8
[ sql ] [ SQL ] SHOW COLUMNS FROM `setting` [ RunTime:0.002747s ]
[ sql ] [ SQL ] SELECT * FROM `setting` WHERE  `module` = 'pay' LIMIT 1 [ RunTime:0.000651s ]
[ sql ] [ SQL ] SELECT * FROM `setting` WHERE  `module` = 'pay' LIMIT 1 [ RunTime:0.000829s ]
[ sql ] [ SQL ] SHOW COLUMNS FROM `pay_account` [ RunTime:0.002373s ]
[ sql ] [ SQL ] SELECT * FROM `pay_account` WHERE  `trade_sn` = '20170913095504451174649386864338' LIMIT 1 [ RunTime:0.000554s ]
[ sql ] [ SQL ] INSERT INTO `pay_account` (`module` , `userid` , `username` , `trade_sn` , `contactname` , `email` , `seller_id` , `seller_email` , `telephone` , `totalMoney` , `num` , `addtime` , `pay_type` , `pay_ment` , `payment_type` , `ip` , `status`) VALUES ('pay' , 1 , '广州公司' , '20170913095504451174649386864338' , '开通会员及续费' , 'lohover@163.com@qq.com' , '2088901006538525' , '736383301@qq.com' , '18052338858' , 0.01 , 1 , 1505267714 , 'alipay' , '支付宝支付' , 1 , '0.0.0.0' , 0) [ RunTime:0.000657s ]
---------------------------------------------------------------
[ 2017-09-13T09:55:21+08:00 ] ::1 ::1 GET /user/member/pay
[ info ] www.project.com/user/member/pay [运行时间：0.041209s][吞吐率：24.27req/s] [内存消耗：2,809.11kb] [文件加载：48]
[ info ] [ LANG ] /Library/WebServer/www/project/sep-7/core/lang/zh-cn.php
[ info ] [ ROUTE ] array (
  'type' => 'module',
  'module' => 
  array (
    0 => 'user',
    1 => 'member',
    2 => 'pay',
  ),
)
[ info ] [ HEADER ] array (
  'host' => 'www.project.com',
  'connection' => 'keep-alive',
  'cache-control' => 'max-age=0',
  'upgrade-insecure-requests' => '1',
  'user-agent' => 'Mozilla/5.0 (Macintosh; Intel Mac OS X 10_12_3) AppleWebKit/537.36 (KHTML, like Gecko) Chrome/60.0.3112.113 Safari/537.36',
  'accept' => 'text/html,application/xhtml+xml,application/xml;q=0.9,image/webp,image/apng,*/*;q=0.8',
  'referer' => 'http://www.project.com/user/member/manage',
  'accept-encoding' => 'gzip, deflate',
  'accept-language' => 'zh-CN,zh;q=0.8,en;q=0.6',
  'cookie' => 'pgv_pvi=8709933056; PHPSESSID=34f52ce6fb73ff05d54c9f7f47d159f8',
)
[ info ] [ PARAM ] array (
  '/user/member/pay' => '',
)
[ info ] [ SESSION ] INIT array (
  'id' => '',
  'var_session_id' => '',
  'prefix' => 'project',
  'type' => '',
  'auto_start' => true,
)
[ info ] [ RUN ] app\user\controller\Member->pay[ /Library/WebServer/www/project/sep-7/application/user/controller/Member.php ]
[ info ] [ VIEW ] /Library/WebServer/www/project/sep-7/application/user/view/member/pay.html [ array (
  0 => 'request',
  1 => 'param',
  2 => 'is_vip',
  3 => 'expir_time',
  4 => 'order_no',
  5 => 'meta_title',
) ]
[ info ] [ LOG ] INIT File
---------------------------------------------------------------
[ 2017-09-13T09:56:03+08:00 ] ::1 ::1 POST /pay/payments/wxpay.html
[ info ] www.project.com/pay/payments/wxpay.html [运行时间：0.283677s][吞吐率：3.53req/s] [内存消耗：5,118.68kb] [文件加载：55]
[ info ] [ LANG ] /Library/WebServer/www/project/sep-7/core/lang/zh-cn.php
[ info ] [ ROUTE ] array (
  'type' => 'module',
  'module' => 
  array (
    0 => 'pay',
    1 => 'payments',
    2 => 'wxpay',
  ),
)
[ info ] [ HEADER ] array (
  'host' => 'www.project.com',
  'connection' => 'keep-alive',
  'content-length' => '67',
  'cache-control' => 'max-age=0',
  'origin' => 'http://www.project.com',
  'upgrade-insecure-requests' => '1',
  'user-agent' => 'Mozilla/5.0 (Macintosh; Intel Mac OS X 10_12_3) AppleWebKit/537.36 (KHTML, like Gecko) Chrome/60.0.3112.113 Safari/537.36',
  'content-type' => 'application/x-www-form-urlencoded',
  'accept' => 'text/html,application/xhtml+xml,application/xml;q=0.9,image/webp,image/apng,*/*;q=0.8',
  'referer' => 'http://www.project.com/user/member/pay',
  'accept-encoding' => 'gzip, deflate',
  'accept-language' => 'zh-CN,zh;q=0.8,en;q=0.6',
  'cookie' => 'pgv_pvi=8709933056; PHPSESSID=34f52ce6fb73ff05d54c9f7f47d159f8',
)
[ info ] [ PARAM ] array (
  '/pay/payments/wxpay_html' => '',
  'order_no' => '20170913095521717373799286251179',
  'price' => '0.01',
  'payCode' => 'weixin',
)
[ info ] [ DB ] INIT mysql
[ info ] [ RUN ] app\pay\controller\Payments->wxpay[ /Library/WebServer/www/project/sep-7/application/pay/controller/Payments.php ]
[ info ] [ LOG ] INIT File
[ sql ] [ DB ] CONNECT:[ UseTime:0.000464s ] mysql:dbname=demo;host=127.0.0.1;charset=utf8
[ sql ] [ SQL ] SHOW COLUMNS FROM `setting` [ RunTime:0.002789s ]
[ sql ] [ SQL ] SELECT * FROM `setting` WHERE  `module` = 'pay' LIMIT 1 [ RunTime:0.000761s ]
[ sql ] [ SQL ] SELECT * FROM `setting` WHERE  `module` = 'pay' LIMIT 1 [ RunTime:0.001110s ]
[ sql ] [ SQL ] SHOW COLUMNS FROM `pay_account` [ RunTime:0.001674s ]
[ sql ] [ SQL ] SELECT * FROM `pay_account` WHERE  `trade_sn` = '20170913095521717373799286251179' LIMIT 1 [ RunTime:0.000556s ]
[ sql ] [ SQL ] INSERT INTO `pay_account` (`module` , `userid` , `username` , `trade_sn` , `contactname` , `email` , `wxpay_appid` , `trade_type` , `telephone` , `totalMoney` , `num` , `addtime` , `pay_type` , `pay_ment` , `openid` , `ip` , `status`) VALUES ('pay' , 1 , '广州公司' , '20170913095521717373799286251179' , '开通会员及续费' , 'lohover@163.com@qq.com' , 'wx2cdc50e475ad21b9' , 'NATIVE' , '18052338858' , 1 , 1 , 1505267763 , 'weixin' , '微信支付' , '' , '0.0.0.0' , 0) [ RunTime:0.000587s ]
---------------------------------------------------------------
[ 2017-09-13T09:56:59+08:00 ] ::1 ::1 POST /pay/payments/wxpay.html
[ info ] www.project.com/pay/payments/wxpay.html [运行时间：0.493102s][吞吐率：2.03req/s] [内存消耗：5,127.35kb] [文件加载：55]
[ info ] [ LANG ] /Library/WebServer/www/project/sep-7/core/lang/zh-cn.php
[ info ] [ ROUTE ] array (
  'type' => 'module',
  'module' => 
  array (
    0 => 'pay',
    1 => 'payments',
    2 => 'wxpay',
  ),
)
[ info ] [ HEADER ] array (
  'host' => 'www.project.com',
  'connection' => 'keep-alive',
  'content-length' => '67',
  'cache-control' => 'max-age=0',
  'origin' => 'http://www.project.com',
  'upgrade-insecure-requests' => '1',
  'user-agent' => 'Mozilla/5.0 (Macintosh; Intel Mac OS X 10_12_3) AppleWebKit/537.36 (KHTML, like Gecko) Chrome/60.0.3112.113 Safari/537.36',
  'content-type' => 'application/x-www-form-urlencoded',
  'accept' => 'text/html,application/xhtml+xml,application/xml;q=0.9,image/webp,image/apng,*/*;q=0.8',
  'referer' => 'http://www.project.com/user/member/pay',
  'accept-encoding' => 'gzip, deflate',
  'accept-language' => 'zh-CN,zh;q=0.8,en;q=0.6',
  'cookie' => 'pgv_pvi=8709933056; PHPSESSID=34f52ce6fb73ff05d54c9f7f47d159f8',
)
[ info ] [ PARAM ] array (
  '/pay/payments/wxpay_html' => '',
  'order_no' => '20170913095521717373799286251179',
  'price' => '0.01',
  'payCode' => 'weixin',
)
[ info ] [ DB ] INIT mysql
[ info ] [ RUN ] app\pay\controller\Payments->wxpay[ /Library/WebServer/www/project/sep-7/application/pay/controller/Payments.php ]
[ info ] [ LOG ] INIT File
[ sql ] [ DB ] CONNECT:[ UseTime:0.000486s ] mysql:dbname=demo;host=127.0.0.1;charset=utf8
[ sql ] [ SQL ] SHOW COLUMNS FROM `setting` [ RunTime:0.003034s ]
[ sql ] [ SQL ] SELECT * FROM `setting` WHERE  `module` = 'pay' LIMIT 1 [ RunTime:0.000991s ]
[ sql ] [ SQL ] SELECT * FROM `setting` WHERE  `module` = 'pay' LIMIT 1 [ RunTime:0.000580s ]
[ sql ] [ SQL ] SHOW COLUMNS FROM `pay_account` [ RunTime:0.001744s ]
[ sql ] [ SQL ] SELECT * FROM `pay_account` WHERE  `trade_sn` = '20170913095521717373799286251179' LIMIT 1 [ RunTime:0.000590s ]
---------------------------------------------------------------
[ 2017-09-13T09:58:41+08:00 ] ::1 ::1 GET /user/member/pay
[ info ] www.project.com/user/member/pay [运行时间：0.040226s][吞吐率：24.86req/s] [内存消耗：2,809.11kb] [文件加载：48]
[ info ] [ LANG ] /Library/WebServer/www/project/sep-7/core/lang/zh-cn.php
[ info ] [ ROUTE ] array (
  'type' => 'module',
  'module' => 
  array (
    0 => 'user',
    1 => 'member',
    2 => 'pay',
  ),
)
[ info ] [ HEADER ] array (
  'host' => 'www.project.com',
  'connection' => 'keep-alive',
  'cache-control' => 'max-age=0',
  'upgrade-insecure-requests' => '1',
  'user-agent' => 'Mozilla/5.0 (Macintosh; Intel Mac OS X 10_12_3) AppleWebKit/537.36 (KHTML, like Gecko) Chrome/60.0.3112.113 Safari/537.36',
  'accept' => 'text/html,application/xhtml+xml,application/xml;q=0.9,image/webp,image/apng,*/*;q=0.8',
  'referer' => 'http://www.project.com/user/member/manage',
  'accept-encoding' => 'gzip, deflate',
  'accept-language' => 'zh-CN,zh;q=0.8,en;q=0.6',
  'cookie' => 'pgv_pvi=8709933056; PHPSESSID=34f52ce6fb73ff05d54c9f7f47d159f8',
)
[ info ] [ PARAM ] array (
  '/user/member/pay' => '',
)
[ info ] [ SESSION ] INIT array (
  'id' => '',
  'var_session_id' => '',
  'prefix' => 'project',
  'type' => '',
  'auto_start' => true,
)
[ info ] [ RUN ] app\user\controller\Member->pay[ /Library/WebServer/www/project/sep-7/application/user/controller/Member.php ]
[ info ] [ VIEW ] /Library/WebServer/www/project/sep-7/application/user/view/member/pay.html [ array (
  0 => 'request',
  1 => 'param',
  2 => 'is_vip',
  3 => 'expir_time',
  4 => 'order_no',
  5 => 'meta_title',
) ]
[ info ] [ LOG ] INIT File
---------------------------------------------------------------
[ 2017-09-13T09:58:44+08:00 ] ::1 ::1 POST /pay/payments/wxpay.html
[ info ] www.project.com/pay/payments/wxpay.html [运行时间：0.336734s][吞吐率：2.97req/s] [内存消耗：6,228.91kb] [文件加载：58]
[ info ] [ LANG ] /Library/WebServer/www/project/sep-7/core/lang/zh-cn.php
[ info ] [ ROUTE ] array (
  'type' => 'module',
  'module' => 
  array (
    0 => 'pay',
    1 => 'payments',
    2 => 'wxpay',
  ),
)
[ info ] [ HEADER ] array (
  'host' => 'www.project.com',
  'connection' => 'keep-alive',
  'content-length' => '67',
  'cache-control' => 'max-age=0',
  'origin' => 'http://www.project.com',
  'upgrade-insecure-requests' => '1',
  'user-agent' => 'Mozilla/5.0 (Macintosh; Intel Mac OS X 10_12_3) AppleWebKit/537.36 (KHTML, like Gecko) Chrome/60.0.3112.113 Safari/537.36',
  'content-type' => 'application/x-www-form-urlencoded',
  'accept' => 'text/html,application/xhtml+xml,application/xml;q=0.9,image/webp,image/apng,*/*;q=0.8',
  'referer' => 'http://www.project.com/user/member/pay',
  'accept-encoding' => 'gzip, deflate',
  'accept-language' => 'zh-CN,zh;q=0.8,en;q=0.6',
  'cookie' => 'pgv_pvi=8709933056; PHPSESSID=34f52ce6fb73ff05d54c9f7f47d159f8',
)
[ info ] [ PARAM ] array (
  '/pay/payments/wxpay_html' => '',
  'order_no' => '20170913095841276682552247463588',
  'price' => '0.01',
  'payCode' => 'weixin',
)
[ info ] [ DB ] INIT mysql
[ info ] [ RUN ] app\pay\controller\Payments->wxpay[ /Library/WebServer/www/project/sep-7/application/pay/controller/Payments.php ]
[ info ] [ LOG ] INIT File
[ sql ] [ DB ] CONNECT:[ UseTime:0.000491s ] mysql:dbname=demo;host=127.0.0.1;charset=utf8
[ sql ] [ SQL ] SHOW COLUMNS FROM `setting` [ RunTime:0.002959s ]
[ sql ] [ SQL ] SELECT * FROM `setting` WHERE  `module` = 'pay' LIMIT 1 [ RunTime:0.000620s ]
[ sql ] [ SQL ] SELECT * FROM `setting` WHERE  `module` = 'pay' LIMIT 1 [ RunTime:0.000756s ]
[ sql ] [ SQL ] SHOW COLUMNS FROM `pay_account` [ RunTime:0.001653s ]
[ sql ] [ SQL ] SELECT * FROM `pay_account` WHERE  `trade_sn` = '20170913095841276682552247463588' LIMIT 1 [ RunTime:0.000578s ]
[ sql ] [ SQL ] INSERT INTO `pay_account` (`module` , `userid` , `username` , `trade_sn` , `contactname` , `email` , `wxpay_appid` , `trade_type` , `telephone` , `totalMoney` , `num` , `addtime` , `pay_type` , `pay_ment` , `openid` , `ip` , `status`) VALUES ('pay' , 1 , '广州公司' , '20170913095841276682552247463588' , '开通会员及续费' , 'lohover@163.com@qq.com' , 'wx2cdc50e475ad21b9' , 'NATIVE' , '18052338858' , 1 , 1 , 1505267924 , 'weixin' , '微信支付' , '' , '0.0.0.0' , 0) [ RunTime:0.000601s ]
---------------------------------------------------------------
[ 2017-09-13T10:01:28+08:00 ] ::1 ::1 POST /pay/payments/wxpay.html
[ info ] www.project.com/pay/payments/wxpay.html [运行时间：3.350810s][吞吐率：0.30req/s] [内存消耗：5,237.36kb] [文件加载：59]
[ info ] [ LANG ] /Library/WebServer/www/project/sep-7/core/lang/zh-cn.php
[ info ] [ ROUTE ] array (
  'type' => 'module',
  'module' => 
  array (
    0 => 'pay',
    1 => 'payments',
    2 => 'wxpay',
  ),
)
[ info ] [ HEADER ] array (
  'host' => 'www.project.com',
  'connection' => 'keep-alive',
  'content-length' => '67',
  'cache-control' => 'max-age=0',
  'origin' => 'http://www.project.com',
  'upgrade-insecure-requests' => '1',
  'user-agent' => 'Mozilla/5.0 (Macintosh; Intel Mac OS X 10_12_3) AppleWebKit/537.36 (KHTML, like Gecko) Chrome/60.0.3112.113 Safari/537.36',
  'content-type' => 'application/x-www-form-urlencoded',
  'accept' => 'text/html,application/xhtml+xml,application/xml;q=0.9,image/webp,image/apng,*/*;q=0.8',
  'referer' => 'http://www.project.com/user/member/pay',
  'accept-encoding' => 'gzip, deflate',
  'accept-language' => 'zh-CN,zh;q=0.8,en;q=0.6',
  'cookie' => 'pgv_pvi=8709933056; PHPSESSID=34f52ce6fb73ff05d54c9f7f47d159f8',
)
[ info ] [ PARAM ] array (
  '/pay/payments/wxpay_html' => '',
  'order_no' => '20170913095841276682552247463588',
  'price' => '0.01',
  'payCode' => 'weixin',
)
[ info ] [ DB ] INIT mysql
[ info ] [ RUN ] app\pay\controller\Payments->wxpay[ /Library/WebServer/www/project/sep-7/application/pay/controller/Payments.php ]
[ info ] [ VIEW ] /Library/WebServer/www/project/sep-7/core/tpl/dispatch_jump.tpl [ array (
  0 => 'code',
  1 => 'msg',
  2 => 'data',
  3 => 'url',
  4 => 'wait',
) ]
[ info ] [ LOG ] INIT File
[ sql ] [ DB ] CONNECT:[ UseTime:0.000706s ] mysql:dbname=demo;host=127.0.0.1;charset=utf8
[ sql ] [ SQL ] SHOW COLUMNS FROM `setting` [ RunTime:0.002750s ]
[ sql ] [ SQL ] SELECT * FROM `setting` WHERE  `module` = 'pay' LIMIT 1 [ RunTime:0.000596s ]
[ sql ] [ SQL ] SELECT * FROM `setting` WHERE  `module` = 'pay' LIMIT 1 [ RunTime:0.000621s ]
[ sql ] [ SQL ] SHOW COLUMNS FROM `pay_account` [ RunTime:0.001910s ]
[ sql ] [ SQL ] SELECT * FROM `pay_account` WHERE  `trade_sn` = '20170913095841276682552247463588' LIMIT 1 [ RunTime:0.000591s ]
---------------------------------------------------------------
[ 2017-09-13T10:03:23+08:00 ] ::1 ::1 POST /pay/payments/wxpay.html
[ info ] www.project.com/pay/payments/wxpay.html [运行时间：0.294293s][吞吐率：3.40req/s] [内存消耗：5,237.04kb] [文件加载：59]
[ info ] [ LANG ] /Library/WebServer/www/project/sep-7/core/lang/zh-cn.php
[ info ] [ ROUTE ] array (
  'type' => 'module',
  'module' => 
  array (
    0 => 'pay',
    1 => 'payments',
    2 => 'wxpay',
  ),
)
[ info ] [ HEADER ] array (
  'host' => 'www.project.com',
  'connection' => 'keep-alive',
  'content-length' => '67',
  'cache-control' => 'max-age=0',
  'origin' => 'http://www.project.com',
  'upgrade-insecure-requests' => '1',
  'user-agent' => 'Mozilla/5.0 (Macintosh; Intel Mac OS X 10_12_3) AppleWebKit/537.36 (KHTML, like Gecko) Chrome/60.0.3112.113 Safari/537.36',
  'content-type' => 'application/x-www-form-urlencoded',
  'accept' => 'text/html,application/xhtml+xml,application/xml;q=0.9,image/webp,image/apng,*/*;q=0.8',
  'referer' => 'http://www.project.com/user/member/pay',
  'accept-encoding' => 'gzip, deflate',
  'accept-language' => 'zh-CN,zh;q=0.8,en;q=0.6',
  'cookie' => 'pgv_pvi=8709933056; PHPSESSID=34f52ce6fb73ff05d54c9f7f47d159f8',
)
[ info ] [ PARAM ] array (
  '/pay/payments/wxpay_html' => '',
  'order_no' => '20170913095841276682552247463588',
  'price' => '0.01',
  'payCode' => 'weixin',
)
[ info ] [ DB ] INIT mysql
[ info ] [ RUN ] app\pay\controller\Payments->wxpay[ /Library/WebServer/www/project/sep-7/application/pay/controller/Payments.php ]
[ info ] [ VIEW ] /Library/WebServer/www/project/sep-7/core/tpl/dispatch_jump.tpl [ array (
  0 => 'code',
  1 => 'msg',
  2 => 'data',
  3 => 'url',
  4 => 'wait',
) ]
[ info ] [ LOG ] INIT File
[ sql ] [ DB ] CONNECT:[ UseTime:0.000831s ] mysql:dbname=demo;host=127.0.0.1;charset=utf8
[ sql ] [ SQL ] SHOW COLUMNS FROM `setting` [ RunTime:0.005234s ]
[ sql ] [ SQL ] SELECT * FROM `setting` WHERE  `module` = 'pay' LIMIT 1 [ RunTime:0.000868s ]
[ sql ] [ SQL ] SELECT * FROM `setting` WHERE  `module` = 'pay' LIMIT 1 [ RunTime:0.000581s ]
[ sql ] [ SQL ] SHOW COLUMNS FROM `pay_account` [ RunTime:0.001759s ]
[ sql ] [ SQL ] SELECT * FROM `pay_account` WHERE  `trade_sn` = '20170913095841276682552247463588' LIMIT 1 [ RunTime:0.000584s ]
---------------------------------------------------------------
[ 2017-09-13T10:17:02+08:00 ] ::1 ::1 GET /admin/user/index
[ info ] www.project.com/admin/user/index [运行时间：0.070500s][吞吐率：14.18req/s] [内存消耗：4,666.80kb] [文件加载：59]
[ info ] [ LANG ] /Library/WebServer/www/project/sep-7/core/lang/zh-cn.php
[ info ] [ ROUTE ] array (
  'type' => 'module',
  'module' => 
  array (
    0 => 'admin',
    1 => 'user',
    2 => 'index',
  ),
)
[ info ] [ HEADER ] array (
  'host' => 'www.project.com',
  'connection' => 'keep-alive',
  'upgrade-insecure-requests' => '1',
  'user-agent' => 'Mozilla/5.0 (Macintosh; Intel Mac OS X 10_12_3) AppleWebKit/537.36 (KHTML, like Gecko) Chrome/60.0.3112.113 Safari/537.36',
  'accept' => 'text/html,application/xhtml+xml,application/xml;q=0.9,image/webp,image/apng,*/*;q=0.8',
  'accept-encoding' => 'gzip, deflate',
  'accept-language' => 'zh-CN,zh;q=0.8,en;q=0.6',
  'cookie' => 'pgv_pvi=8709933056; PHPSESSID=34f52ce6fb73ff05d54c9f7f47d159f8',
)
[ info ] [ PARAM ] array (
  '/admin/user/index' => '',
)
[ info ] [ SESSION ] INIT array (
  'id' => '',
  'var_session_id' => '',
  'prefix' => 'project',
  'type' => '',
  'auto_start' => true,
)
[ info ] [ DB ] INIT mysql
[ info ] [ RUN ] app\admin\controller\User->index[ /Library/WebServer/www/project/sep-7/application/admin/controller/User.php ]
[ info ] [ LOG ] INIT File
[ sql ] [ DB ] CONNECT:[ UseTime:0.000526s ] mysql:dbname=demo;host=127.0.0.1;charset=utf8
[ sql ] [ SQL ] SHOW COLUMNS FROM `user` [ RunTime:0.001863s ]
[ sql ] [ SQL ] SELECT COUNT(*) AS tp_count FROM `user` LIMIT 1 [ RunTime:0.000440s ]
[ sql ] [ SQL ] SELECT * FROM `user` LIMIT 0,5 [ RunTime:0.000679s ]
---------------------------------------------------------------
[ 2017-09-13T10:17:13+08:00 ] ::1 ::1 GET /admin/user/index
[ info ] www.project.com/admin/user/index [运行时间：0.056171s][吞吐率：17.80req/s] [内存消耗：4,633.10kb] [文件加载：59]
[ info ] [ LANG ] /Library/WebServer/www/project/sep-7/core/lang/zh-cn.php
[ info ] [ ROUTE ] array (
  'type' => 'module',
  'module' => 
  array (
    0 => 'admin',
    1 => 'user',
    2 => 'index',
  ),
)
[ info ] [ HEADER ] array (
  'host' => 'www.project.com',
  'connection' => 'keep-alive',
  'cache-control' => 'max-age=0',
  'upgrade-insecure-requests' => '1',
  'user-agent' => 'Mozilla/5.0 (Macintosh; Intel Mac OS X 10_12_3) AppleWebKit/537.36 (KHTML, like Gecko) Chrome/60.0.3112.113 Safari/537.36',
  'accept' => 'text/html,application/xhtml+xml,application/xml;q=0.9,image/webp,image/apng,*/*;q=0.8',
  'accept-encoding' => 'gzip, deflate',
  'accept-language' => 'zh-CN,zh;q=0.8,en;q=0.6',
  'cookie' => 'pgv_pvi=8709933056; PHPSESSID=34f52ce6fb73ff05d54c9f7f47d159f8',
)
[ info ] [ PARAM ] array (
  '/admin/user/index' => '',
)
[ info ] [ SESSION ] INIT array (
  'id' => '',
  'var_session_id' => '',
  'prefix' => 'project',
  'type' => '',
  'auto_start' => true,
)
[ info ] [ DB ] INIT mysql
[ info ] [ RUN ] app\admin\controller\User->index[ /Library/WebServer/www/project/sep-7/application/admin/controller/User.php ]
[ info ] [ LOG ] INIT File
[ sql ] [ DB ] CONNECT:[ UseTime:0.000495s ] mysql:dbname=demo;host=127.0.0.1;charset=utf8
[ sql ] [ SQL ] SHOW COLUMNS FROM `user` [ RunTime:0.003003s ]
[ sql ] [ SQL ] SELECT COUNT(*) AS tp_count FROM `user` LIMIT 1 [ RunTime:0.000490s ]
[ sql ] [ SQL ] SELECT * FROM `user` LIMIT 0,5 [ RunTime:0.000556s ]
---------------------------------------------------------------
[ 2017-09-13T10:17:14+08:00 ] ::1 ::1 GET /admin/user/index
[ info ] www.project.com/admin/user/index [运行时间：0.052362s][吞吐率：19.10req/s] [内存消耗：4,633.23kb] [文件加载：59]
[ info ] [ LANG ] /Library/WebServer/www/project/sep-7/core/lang/zh-cn.php
[ info ] [ ROUTE ] array (
  'type' => 'module',
  'module' => 
  array (
    0 => 'admin',
    1 => 'user',
    2 => 'index',
  ),
)
[ info ] [ HEADER ] array (
  'host' => 'www.project.com',
  'connection' => 'keep-alive',
  'cache-control' => 'max-age=0',
  'upgrade-insecure-requests' => '1',
  'user-agent' => 'Mozilla/5.0 (Macintosh; Intel Mac OS X 10_12_3) AppleWebKit/537.36 (KHTML, like Gecko) Chrome/60.0.3112.113 Safari/537.36',
  'accept' => 'text/html,application/xhtml+xml,application/xml;q=0.9,image/webp,image/apng,*/*;q=0.8',
  'accept-encoding' => 'gzip, deflate',
  'accept-language' => 'zh-CN,zh;q=0.8,en;q=0.6',
  'cookie' => 'pgv_pvi=8709933056; PHPSESSID=34f52ce6fb73ff05d54c9f7f47d159f8',
)
[ info ] [ PARAM ] array (
  '/admin/user/index' => '',
)
[ info ] [ SESSION ] INIT array (
  'id' => '',
  'var_session_id' => '',
  'prefix' => 'project',
  'type' => '',
  'auto_start' => true,
)
[ info ] [ DB ] INIT mysql
[ info ] [ RUN ] app\admin\controller\User->index[ /Library/WebServer/www/project/sep-7/application/admin/controller/User.php ]
[ info ] [ LOG ] INIT File
[ sql ] [ DB ] CONNECT:[ UseTime:0.000623s ] mysql:dbname=demo;host=127.0.0.1;charset=utf8
[ sql ] [ SQL ] SHOW COLUMNS FROM `user` [ RunTime:0.003233s ]
[ sql ] [ SQL ] SELECT COUNT(*) AS tp_count FROM `user` LIMIT 1 [ RunTime:0.000420s ]
[ sql ] [ SQL ] SELECT * FROM `user` LIMIT 0,5 [ RunTime:0.000496s ]
---------------------------------------------------------------
[ 2017-09-13T10:17:17+08:00 ] ::1 ::1 GET /admin/user/index
[ info ] www.project.com/admin/user/index [运行时间：0.054835s][吞吐率：18.24req/s] [内存消耗：4,633.23kb] [文件加载：59]
[ info ] [ LANG ] /Library/WebServer/www/project/sep-7/core/lang/zh-cn.php
[ info ] [ ROUTE ] array (
  'type' => 'module',
  'module' => 
  array (
    0 => 'admin',
    1 => 'user',
    2 => 'index',
  ),
)
[ info ] [ HEADER ] array (
  'host' => 'www.project.com',
  'connection' => 'keep-alive',
  'cache-control' => 'max-age=0',
  'upgrade-insecure-requests' => '1',
  'user-agent' => 'Mozilla/5.0 (Macintosh; Intel Mac OS X 10_12_3) AppleWebKit/537.36 (KHTML, like Gecko) Chrome/60.0.3112.113 Safari/537.36',
  'accept' => 'text/html,application/xhtml+xml,application/xml;q=0.9,image/webp,image/apng,*/*;q=0.8',
  'accept-encoding' => 'gzip, deflate',
  'accept-language' => 'zh-CN,zh;q=0.8,en;q=0.6',
  'cookie' => 'pgv_pvi=8709933056; PHPSESSID=34f52ce6fb73ff05d54c9f7f47d159f8',
)
[ info ] [ PARAM ] array (
  '/admin/user/index' => '',
)
[ info ] [ SESSION ] INIT array (
  'id' => '',
  'var_session_id' => '',
  'prefix' => 'project',
  'type' => '',
  'auto_start' => true,
)
[ info ] [ DB ] INIT mysql
[ info ] [ RUN ] app\admin\controller\User->index[ /Library/WebServer/www/project/sep-7/application/admin/controller/User.php ]
[ info ] [ LOG ] INIT File
[ sql ] [ DB ] CONNECT:[ UseTime:0.000486s ] mysql:dbname=demo;host=127.0.0.1;charset=utf8
[ sql ] [ SQL ] SHOW COLUMNS FROM `user` [ RunTime:0.002912s ]
[ sql ] [ SQL ] SELECT COUNT(*) AS tp_count FROM `user` LIMIT 1 [ RunTime:0.000459s ]
[ sql ] [ SQL ] SELECT * FROM `user` LIMIT 0,5 [ RunTime:0.000487s ]
---------------------------------------------------------------
[ 2017-09-13T10:17:21+08:00 ] ::1 ::1 GET /admin/user/index
[ info ] www.project.com/admin/user/index [运行时间：0.058832s][吞吐率：17.00req/s] [内存消耗：4,632.88kb] [文件加载：59]
[ info ] [ LANG ] /Library/WebServer/www/project/sep-7/core/lang/zh-cn.php
[ info ] [ ROUTE ] array (
  'type' => 'module',
  'module' => 
  array (
    0 => 'admin',
    1 => 'user',
    2 => 'index',
  ),
)
[ info ] [ HEADER ] array (
  'host' => 'www.project.com',
  'connection' => 'keep-alive',
  'upgrade-insecure-requests' => '1',
  'user-agent' => 'Mozilla/5.0 (Macintosh; Intel Mac OS X 10_12_3) AppleWebKit/537.36 (KHTML, like Gecko) Chrome/60.0.3112.113 Safari/537.36',
  'accept' => 'text/html,application/xhtml+xml,application/xml;q=0.9,image/webp,image/apng,*/*;q=0.8',
  'accept-encoding' => 'gzip, deflate',
  'accept-language' => 'zh-CN,zh;q=0.8,en;q=0.6',
  'cookie' => 'pgv_pvi=8709933056; PHPSESSID=34f52ce6fb73ff05d54c9f7f47d159f8',
)
[ info ] [ PARAM ] array (
  '/admin/user/index' => '',
)
[ info ] [ SESSION ] INIT array (
  'id' => '',
  'var_session_id' => '',
  'prefix' => 'project',
  'type' => '',
  'auto_start' => true,
)
[ info ] [ DB ] INIT mysql
[ info ] [ RUN ] app\admin\controller\User->index[ /Library/WebServer/www/project/sep-7/application/admin/controller/User.php ]
[ info ] [ LOG ] INIT File
[ sql ] [ DB ] CONNECT:[ UseTime:0.000521s ] mysql:dbname=demo;host=127.0.0.1;charset=utf8
[ sql ] [ SQL ] SHOW COLUMNS FROM `user` [ RunTime:0.004332s ]
[ sql ] [ SQL ] SELECT COUNT(*) AS tp_count FROM `user` LIMIT 1 [ RunTime:0.000583s ]
[ sql ] [ SQL ] SELECT * FROM `user` LIMIT 0,5 [ RunTime:0.000598s ]
